make all --print-data-base --no-builtin-variables --no-builtin-rules --question
# GNU Make 4.3
# Built for x86_64-pc-linux-gnu
# Copyright (C) 1988-2020 Free Software Foundation, Inc.
# License GPLv3+: GNU GPL version 3 or later <http://gnu.org/licenses/gpl.html>
# This is free software: you are free to change and redistribute it.
# There is NO WARRANTY, to the extent permitted by law.

# Make data base, printed on Sat Jan 22 09:39:20 2022

# Variables

# environment
GDK_BACKEND = x11
# environment
LC_ALL = C
# environment
VSCODE_IPC_HOOK_EXTHOST = /run/user/1000/vscode-ipc-a1b0e13c-f88d-4dd3-b6ff-188ea659b619.sock
# environment
VSCODE_CWD = /home/hughlynch
# environment
WAYLAND_DISPLAY_LOW_DENSITY = wayland-1
# default
MAKE_COMMAND := make
# environment
QT_ACCESSIBILITY = 1
# automatic
@D = $(patsubst %/,%,$(dir $@))
# environment
VSCODE_HANDLES_UNCAUGHT_ERRORS = true
# default
.VARIABLES := 
# environment
PWD = /home/hughlynch/projects/wordle
# automatic
%D = $(patsubst %/,%,$(dir $%))
# environment
XDG_DATA_DIRS = /home/hughlynch/.local/share:/home/hughlynch/.local/share/flatpak/exports/share:/var/lib/flatpak/exports/share:/usr/local/share:/usr/share
# automatic
^D = $(patsubst %/,%,$(dir $^))
# environment
VSCODE_LOG_STACK = false
# automatic
%F = $(notdir $%)
# environment
VSCODE_CODE_CACHE_PATH = /home/hughlynch/.config/Code/CachedData/899d46d82c4c95423fb7e10e68eba52050e30ba3
# makefile (from 'Makefile', line 6)
DEPFILES := wordle.d
# environment
LANG = C
# default
.LOADED := 
# default
.INCLUDE_DIRS = /usr/local/include /usr/include /usr/include
# makefile
MAKEFLAGS = pqrR
# makefile
CURDIR := /home/hughlynch/projects/wordle
# environment
VSCODE_PIPE_LOGGING = true
# environment
APPLICATION_INSIGHTS_NO_DIAGNOSTIC_CHANNEL = true
# automatic
*D = $(patsubst %/,%,$(dir $*))
# environment
MFLAGS = -pqrR
# default
.SHELLFLAGS := -c
# environment
SOMMELIER_GLAMOR = 1
# environment
WAYLAND_DISPLAY = wayland-0
# automatic
+D = $(patsubst %/,%,$(dir $+))
# environment
XCURSOR_THEME = Adwaita
# environment
VSCODE_CRASH_REPORTER_START_OPTIONS = {"companyName":"Microsoft","productName":"VSCode","submitURL":"","uploadToServer":false}
# makefile (from 'wordle.d', line 1)
MAKEFILE_LIST := Makefile wordle.d
# automatic
@F = $(notdir $@)
# environment
VSCODE_VERBOSE_LOGGING = true
# environment
VSCODE_PID = 748
# automatic
?D = $(patsubst %/,%,$(dir $?))
# automatic
*F = $(notdir $*)
# environment
QT_QPA_PLATFORMTHEME = gtk2
# environment
CHROME_DESKTOP = code-url-handler.desktop
# environment
DBUS_SESSION_BUS_ADDRESS = unix:path=/run/user/1000/bus
# automatic
<D = $(patsubst %/,%,$(dir $<))
# environment
VSCODE_NLS_CONFIG = {"locale":"en-us","availableLanguages":{},"_languagePackSupport":true}
# environment
BREAKPAD_DUMP_LOCATION = /home/hughlynch/.config/Code/exthost Crash Reports
# default
MAKE_HOST := x86_64-pc-linux-gnu
# makefile
SHELL = /bin/sh
# default
MAKECMDGOALS := all
# environment
SHLVL = 0
# environment
MAKELEVEL := 0
# default
MAKE = $(MAKE_COMMAND)
# environment
LD_ARGV0_REL = ../bin/garcon
# environment
PATH = /usr/local/bin:/usr/bin:/bin:/usr/local/games:/usr/games
# default
MAKEFILES := 
# environment
XCURSOR_SIZE_LOW_DENSITY = 29
# automatic
^F = $(notdir $^)
# environment
INVOCATION_ID = f620c69f6beb4a4987923695ffddb144
# environment
XDG_CONFIG_HOME = /home/hughlynch/.config
# environment
VSCODE_LOG_NATIVE = false
# environment
SOMMELIER_VERSION = 0.20
# automatic
?F = $(notdir $?)
# environment
LS_COLORS = 
# automatic
+F = $(notdir $+)
# environment
ORIGINAL_XDG_CURRENT_DESKTOP = undefined
# makefile (from 'Makefile', line 5)
OBJECTS := wordle.o
# 'override' directive
GNUMAKEFLAGS := 
# environment
BROWSER = /usr/bin/garcon-url-handler
# environment
LOGNAME = hughlynch
# makefile
.DEFAULT_GOAL := all
# environment
DISPLAY = :0
# environment
USER = hughlynch
# default
MAKE_VERSION := 4.3
# environment
MANAGERPID = 126
# environment
NCURSES_NO_UTF8_ACS = 1
# environment
SOMMELIER_DRM_DEVICE = /dev/dri/renderD128
# environment
_ = /usr/share/code/code
# environment
XDG_RUNTIME_DIR = /run/user/1000
# environment
DISPLAY_LOW_DENSITY = :1
# environment
JOURNAL_STREAM = 9:18865
# environment
VSCODE_AMD_ENTRYPOINT = vs/workbench/services/extensions/node/extensionHostProcess
# environment
HOME = /home/hughlynch
# environment
ELECTRON_RUN_AS_NODE = 1
# environment
VSCODE_IPC_HOOK = /run/user/1000/vscode-8abe7945-1.63.2-main.sock
# environment
XCURSOR_SIZE = 58
# default
.RECIPEPREFIX := 
# automatic
<F = $(notdir $<)
# default
SUFFIXES := 
# environment
QT_AUTO_SCREEN_SCALE_FACTOR = 1
# makefile (from 'Makefile', line 2)
CXXFLAGS := -std=c++17 -g -O2 -Wall -Wextra -pedantic -MD -MP
# default
.FEATURES := target-specific order-only second-expansion else-if shortest-stem undefine oneshell nocomment grouped-target extra-prereqs archives jobserver output-sync check-symlink load
# makefile (from 'Makefile', line 1)
CXX := g++
# makefile (from 'Makefile', line 4)
SOURCES := wordle.cpp
# variable set hash-table stats:
# Load=92/1024=9%, Rehash=0, Collisions=3/136=2%

# Pattern-specific Variable Values

# No pattern-specific variable values.

# Directories

# . (device 56, inode 65690): 15 files, no impossibilities.

# 15 files, no impossibilities in 1 directories.

# Implicit Rules

# No implicit rules.

# Files

/usr/include/c++/10/bits/stl_uninitialized.h:
#  Implicit rule search has been done.
#  Last modified 2021-01-10 03:35:39
#  File has been updated.
#  Successfully updated.

/usr/include/x86_64-linux-gnu/bits/wordsize.h:
#  Implicit rule search has been done.
#  Last modified 2021-10-02 05:47:40
#  File has been updated.
#  Successfully updated.

/usr/include/x86_64-linux-gnu/sys/cdefs.h:
#  Implicit rule search has been done.
#  Last modified 2021-10-02 05:47:40
#  File has been updated.
#  Successfully updated.

/usr/include/x86_64-linux-gnu/bits/types/timer_t.h:
#  Implicit rule search has been done.
#  Last modified 2021-10-02 05:47:40
#  File has been updated.
#  Successfully updated.

/usr/include/c++/10/ext/string_conversions.h:
#  Implicit rule search has been done.
#  Last modified 2021-01-10 03:35:39
#  File has been updated.
#  Successfully updated.

/usr/include/x86_64-linux-gnu/bits/types/struct_itimerspec.h:
#  Implicit rule search has been done.
#  Last modified 2021-10-02 05:47:40
#  File has been updated.
#  Successfully updated.

/usr/include/x86_64-linux-gnu/bits/time64.h:
#  Implicit rule search has been done.
#  Last modified 2021-10-02 05:47:40
#  File has been updated.
#  Successfully updated.

/usr/include/c++/10/bitset:
#  Implicit rule search has been done.
#  Last modified 2021-01-10 03:35:39
#  File has been updated.
#  Successfully updated.

/usr/include/c++/10/bits/basic_ios.tcc:
#  Implicit rule search has been done.
#  Last modified 2021-01-10 03:35:39
#  File has been updated.
#  Successfully updated.

/usr/include/c++/10/bits/ostream.tcc:
#  Implicit rule search has been done.
#  Last modified 2021-01-10 03:35:39
#  File has been updated.
#  Successfully updated.

/usr/include/x86_64-linux-gnu/bits/long-double.h:
#  Implicit rule search has been done.
#  Last modified 2021-10-02 05:47:40
#  File has been updated.
#  Successfully updated.

constants.hpp:
#  Implicit rule search has been done.
#  Last modified 2022-01-21 18:25:01.809370475
#  File has been updated.
 
#  Successfully updated.

/usr/include/c++/10/bits/streambuf_iterator.h:
#  Implicit rule search has been done.
#  Last modified 2021-01-10 03:35:39
#  File has been updated.
#  Successfully updated.

/usr/include/x86_64-linux-gnu/c++/10/bits/ctype_inline.h:
#  Implicit rule search has been done.
#  Last modified 2021-01-10 03:35:39
#  File has been updated.
#  Successfully updated.

/usr/include/x86_64-linux-gnu/bits/libc-header-start.h:
#  Implicit rule search has been done.
#  Last modified 2021-10-02 05:47:40
#  File has been updated.
#  Successfully updated.

/usr/include/c++/10/bits/memoryfwd.h:
#  Implicit rule search has been done.
#  Last modified 2021-01-10 03:35:39
#  File has been updated.
#  Successfully updated.

/usr/include/c++/10/array:
#  Implicit rule search has been done.
#  Last modified 2021-01-10 03:35:39
#  File has been updated.
#  Successfully updated.

/usr/include/x86_64-linux-gnu/bits/types/struct_timespec.h:
#  Implicit rule search has been done.
#  Last modified 2021-10-02 05:47:40
#  File has been updated.
#  Successfully updated.

# Not a target:
wordle.d:
#  Implicit rule search has been done.
#  Last modified 2022-01-22 09:31:43.268377407
#  File has been updated.
#  Successfully updated.

/usr/include/c++/10/bits/functional_hash.h:
#  Implicit rule search has been done.
#  Last modified 2021-01-10 03:35:39
#  File has been updated.
#  Successfully updated.

/usr/include/x86_64-linux-gnu/bits/types/clockid_t.h:
#  Implicit rule search has been done.
#  Last modified 2021-10-02 05:47:40
#  File has been updated.
#  Successfully updated.

/usr/include/c++/10/bits/stl_heap.h:
#  Implicit rule search has been done.
#  Last modified 2021-01-10 03:35:39
#  File has been updated.
#  Successfully updated.

/usr/include/x86_64-linux-gnu/bits/pthreadtypes.h:
#  Implicit rule search has been done.
#  Last modified 2021-10-02 05:47:40
#  File has been updated.
#  Successfully updated.

/usr/include/c++/10/bits/cxxabi_init_exception.h:
#  Implicit rule search has been done.
#  Last modified 2021-01-10 03:35:39
#  File has been updated.
#  Successfully updated.

/usr/include/c++/10/bits/enable_special_members.h:
#  Implicit rule search has been done.
#  Last modified 2021-01-10 03:35:39
#  File has been updated.
#  Successfully updated.

/usr/include/c++/10/optional:
#  Implicit rule search has been done.
#  Last modified 2021-01-10 03:35:39
#  File has been updated.
#  Successfully updated.

/usr/include/c++/10/bits/unordered_set.h:
#  Implicit rule search has been done.
#  Last modified 2021-01-10 03:35:39
#  File has been updated.
#  Successfully updated.

/usr/include/x86_64-linux-gnu/bits/types/__fpos_t.h:
#  Implicit rule search has been done.
#  Last modified 2021-10-02 05:47:40
#  File has been updated.
#  Successfully updated.

/usr/include/x86_64-linux-gnu/bits/waitstatus.h:
#  Implicit rule search has been done.
#  Last modified 2021-10-02 05:47:40
#  File has been updated.
#  Successfully updated.

/usr/include/c++/10/bits/locale_classes.tcc:
#  Implicit rule search has been done.
#  Last modified 2021-01-10 03:35:39
#  File has been updated.
#  Successfully updated.

/usr/include/c++/10/bits/locale_facets.h:
#  Implicit rule search has been done.
#  Last modified 2021-01-10 03:35:39
#  File has been updated.
#  Successfully updated.

/usr/include/errno.h:
#  Implicit rule search has been done.
#  Last modified 2021-10-02 05:47:40
#  File has been updated.
#  Successfully updated.

/usr/include/c++/10/bits/stl_tempbuf.h:
#  Implicit rule search has been done.
#  Last modified 2021-01-10 03:35:39
#  File has been updated.
#  Successfully updated.

/usr/lib/gcc/x86_64-linux-gnu/10/include/stdint.h:
#  Implicit rule search has been done.
#  Last modified 2021-01-10 03:35:39
#  File has been updated.
#  Successfully updated.

/usr/include/x86_64-linux-gnu/c++/10/bits/os_defines.h:
#  Implicit rule search has been done.
#  Last modified 2021-01-10 03:35:39
#  File has been updated.
#  Successfully updated.

/usr/include/c++/10/cerrno:
#  Implicit rule search has been done.
#  Last modified 2021-01-10 03:35:39
#  File has been updated.
#  Successfully updated.

/usr/include/c++/10/bits/alloc_traits.h:
#  Implicit rule search has been done.
#  Last modified 2021-01-10 03:35:39
#  File has been updated.
#  Successfully updated.

/usr/include/c++/10/exception:
#  Implicit rule search has been done.
#  Last modified 2021-01-10 03:35:39
#  File has been updated.
#  Successfully updated.

/usr/include/x86_64-linux-gnu/gnu/stubs.h:
#  Implicit rule search has been done.
#  Last modified 2021-10-02 05:47:40
#  File has been updated.
#  Successfully updated.

/usr/include/c++/10/bits/move.h:
#  Implicit rule search has been done.
 
#  Last modified 2021-01-10 03:35:39
#  File has been updated.
#  Successfully updated.

/usr/include/x86_64-linux-gnu/bits/types.h:
#  Implicit rule search has been done.
#  Last modified 2021-10-02 05:47:40
#  File has been updated.
#  Successfully updated.

/usr/include/x86_64-linux-gnu/bits/cpu-set.h:
#  Implicit rule search has been done.
#  Last modified 2021-10-02 05:47:40
#  File has been updated.
#  Successfully updated.

/usr/include/x86_64-linux-gnu/bits/types/FILE.h:
#  Implicit rule search has been done.
#  Last modified 2021-10-02 05:47:40
#  File has been updated.
#  Successfully updated.

/usr/include/x86_64-linux-gnu/bits/wchar.h:
#  Implicit rule search has been done.
#  Last modified 2021-10-02 05:47:40
#  File has been updated.
#  Successfully updated.

/usr/include/c++/10/cstdlib:
#  Implicit rule search has been done.
#  Last modified 2021-01-10 03:35:39
#  File has been updated.
#  Successfully updated.

/usr/include/c++/10/bits/stl_pair.h:
#  Implicit rule search has been done.
#  Last modified 2021-01-10 03:35:39
#  File has been updated.
#  Successfully updated.

/usr/include/c++/10/ios:
#  Implicit rule search has been done.
#  Last modified 2021-01-10 03:35:39
#  File has been updated.
#  Successfully updated.

/usr/lib/gcc/x86_64-linux-gnu/10/include/stddef.h:
#  Implicit rule search has been done.
#  Last modified 2021-01-10 03:35:39
#  File has been updated.
#  Successfully updated.

/usr/include/x86_64-linux-gnu/c++/10/bits/ctype_base.h:
#  Implicit rule search has been done.
#  Last modified 2021-01-10 03:35:39
#  File has been updated.
#  Successfully updated.

/usr/include/c++/10/bits/predefined_ops.h:
#  Implicit rule search has been done.
#  Last modified 2021-01-10 03:35:39
#  File has been updated.
#  Successfully updated.

/usr/include/c++/10/bits/std_abs.h:
#  Implicit rule search has been done.
#  Last modified 2021-01-10 03:35:39
#  File has been updated.
#  Successfully updated.

/usr/include/c++/10/typeinfo:
#  Implicit rule search has been done.
#  Last modified 2021-01-10 03:35:39
#  File has been updated.
#  Successfully updated.

/usr/include/c++/10/ext/alloc_traits.h:
#  Implicit rule search has been done.
#  Last modified 2021-01-10 03:35:39
#  File has been updated.
#  Successfully updated.

/usr/include/x86_64-linux-gnu/bits/types/struct_FILE.h:
#  Implicit rule search has been done.
#  Last modified 2021-10-02 05:47:40
#  File has been updated.
#  Successfully updated.

# Not a target:
wordle.cpp:
#  Implicit rule search has been done.
#  Last modified 2022-01-21 18:25:01.827370477
#  File has been updated.
#  Successfully updated.

/usr/include/x86_64-linux-gnu/bits/stdlib-bsearch.h:
#  Implicit rule search has been done.
 
#  Last modified 2021-10-02 05:47:40
#  File has been updated.
#  Successfully updated.

/usr/include/x86_64-linux-gnu/bits/floatn.h:
#  Implicit rule search has been done.
#  Last modified 2021-10-02 05:47:40
#  File has been updated.
#  Successfully updated.

/usr/include/x86_64-linux-gnu/asm/errno.h:
#  Implicit rule search has been done.
#  Last modified 2022-01-18 07:54:31
#  File has been updated.
#  Successfully updated.

/usr/include/c++/10/tuple:
#  Implicit rule search has been done.
#  Last modified 2021-01-10 03:35:39
#  File has been updated.
#  Successfully updated.

/usr/include/c++/10/ext/aligned_buffer.h:
#  Implicit rule search has been done.
#  Last modified 2021-01-10 03:35:39
#  File has been updated.
#  Successfully updated.

# Not a target:
Makefile:
#  Implicit rule search has been done.
#  Last modified 2022-01-22 09:38:52.804413385
#  File has been updated.
#  Successfully updated.

/usr/include/c++/10/bits/locale_classes.h:
#  Implicit rule search has been done.
#  Last modified 2021-01-10 03:35:39
#  File has been updated.
#  Successfully updated.

/usr/include/x86_64-linux-gnu/bits/errno.h:
#  Implicit rule search has been done.
#  Last modified 2021-10-02 05:47:40
#  File has been updated.
#  Successfully updated.

/usr/include/x86_64-linux-gnu/bits/endianness.h:
#  Implicit rule search has been done.
#  Last modified 2021-10-02 05:47:40
#  File has been updated.
#  Successfully updated.

/usr/include/c++/10/cstdint:
#  Implicit rule search has been done.
#  Last modified 2021-01-10 03:35:39
#  File has been updated.
#  Successfully updated.

/usr/include/x86_64-linux-gnu/bits/types/locale_t.h:
#  Implicit rule search has been done.
#  Last modified 2021-10-02 05:47:40
#  File has been updated.
#  Successfully updated.

/usr/include/c++/10/ostream:
#  Implicit rule search has been done.
#  Last modified 2021-01-10 03:35:39
#  File has been updated.
#  Successfully updated.

/usr/include/c++/10/bits/stl_relops.h:
#  Implicit rule search has been done.
#  Last modified 2021-01-10 03:35:39
#  File has been updated.
#  Successfully updated.

/usr/include/x86_64-linux-gnu/bits/types/mbstate_t.h:
#  Implicit rule search has been done.
#  Last modified 2021-10-02 05:47:40
#  File has been updated.
#  Successfully updated.

/usr/include/x86_64-linux-gnu/bits/typesizes.h:
#  Implicit rule search has been done.
#  Last modified 2021-10-02 05:47:40
#  File has been updated.
#  Successfully updated.

/usr/include/c++/10/iosfwd:
#  Implicit rule search has been done.
 
#  Last modified 2021-01-10 03:35:39
#  File has been updated.
#  Successfully updated.

/usr/include/x86_64-linux-gnu/c++/10/bits/atomic_word.h:
#  Implicit rule search has been done.
#  Last modified 2021-01-10 03:35:39
#  File has been updated.
#  Successfully updated.

/usr/include/wchar.h:
#  Implicit rule search has been done.
#  Last modified 2021-10-02 05:47:40
#  File has been updated.
#  Successfully updated.

/usr/include/x86_64-linux-gnu/c++/10/bits/c++locale.h:
#  Implicit rule search has been done.
#  Last modified 2021-01-10 03:35:39
#  File has been updated.
#  Successfully updated.

/usr/include/x86_64-linux-gnu/c++/10/bits/cpu_defines.h:
#  Implicit rule search has been done.
#  Last modified 2021-01-10 03:35:39
#  File has been updated.
#  Successfully updated.

/usr/include/c++/10/bits/concept_check.h:
#  Implicit rule search has been done.
#  Last modified 2021-01-10 03:35:39
#  File has been updated.
#  Successfully updated.

/usr/include/c++/10/new:
#  Implicit rule search has been done.
#  Last modified 2021-01-10 03:35:39
#  File has been updated.
#  Successfully updated.

/usr/include/x86_64-linux-gnu/c++/10/bits/gthr-default.h:
#  Implicit rule search has been done.
#  Last modified 2021-01-10 03:35:39
#  File has been updated.
#  Successfully updated.

/usr/include/x86_64-linux-gnu/bits/types/__fpos64_t.h:
#  Implicit rule search has been done.
#  Last modified 2021-10-02 05:47:40
#  File has been updated.
#  Successfully updated.

/usr/include/x86_64-linux-gnu/c++/10/bits/error_constants.h:
#  Implicit rule search has been done.
#  Last modified 2021-01-10 03:35:39
#  File has been updated.
#  Successfully updated.

/usr/include/x86_64-linux-gnu/bits/types/sigset_t.h:
#  Implicit rule search has been done.
#  Last modified 2021-10-02 05:47:40
#  File has been updated.
#  Successfully updated.

/usr/include/pthread.h:
#  Implicit rule search has been done.
#  Last modified 2021-10-02 05:47:40
#  File has been updated.
#  Successfully updated.

/usr/include/x86_64-linux-gnu/c++/10/bits/gthr.h:
#  Implicit rule search has been done.
#  Last modified 2021-01-10 03:35:39
#  File has been updated.
#  Successfully updated.

/usr/include/c++/10/bits/stl_iterator_base_types.h:
#  Implicit rule search has been done.
#  Last modified 2021-01-10 03:35:39
#  File has been updated.
#  Successfully updated.

/usr/include/x86_64-linux-gnu/c++/10/bits/c++allocator.h:
#  Implicit rule search has been done.
#  Last modified 2021-01-10 03:35:39
#  File has been updated.
#  Successfully updated.

/usr/include/c++/10/bits/nested_exception.h:
#  Implicit rule search has been done.
#  Last modified 2021-01-10 03:35:39
#  File has been updated.
#  Successfully updated.

/usr/include/c++/10/bits/postypes.h:
#  Implicit rule search has been done.
#  Last modified 2021-01-10 03:35:39
#  File has been updated.
#  Successfully updated.

/usr/include/asm-generic/errno-base.h:
#  Implicit rule search has been done.
#  Last modified 2022-01-18 07:54:31
#  File has been updated.
#  Successfully updated.

/usr/include/c++/10/bits/range_access.h:
#  Implicit rule search has been done.
#  Last modified 2021-01-10 03:35:39
#  File has been updated.
#  Successfully updated.

clean:
#  Implicit rule search has not been done.
#  Modification time never checked.
#  File has not been updated.
#  recipe to execute (from 'Makefile', line 20):
	rm -f *.o *.d wordle

/usr/include/c++/10/system_error:
#  Implicit rule search has been done.
#  Last modified 2021-01-10 03:35:39
#  File has been updated.
#  Successfully updated.

/usr/include/c++/10/cwchar:
#  Implicit rule search has been done.
#  Last modified 2021-01-10 03:35:39
#  File has been updated.
#  Successfully updated.

/usr/include/c++/10/backward/binders.h:
#  Implicit rule search has been done.
#  Last modified 2021-01-10 03:35:39
#  File has been updated.
#  Successfully updated.

/usr/include/c++/10/bits/ostream_insert.h:
#  Implicit rule search has been done.
#  Last modified 2021-01-10 03:35:39
#  File has been updated.
#  Successfully updated.

/usr/include/x86_64-linux-gnu/c++/10/bits/c++config.h:
#  Implicit rule search has been done.
#  Last modified 2021-01-10 03:35:39
#  File has been updated.
#  Successfully updated.

/usr/include/x86_64-linux-gnu/c++/10/bits/c++io.h:
#  Implicit rule search has been done.
#  Last modified 2021-01-10 03:35:39
#  File has been updated.
#  Successfully updated.

/usr/include/c++/10/bits/stl_algo.h:
#  Implicit rule search has been done.
#  Last modified 2021-01-10 03:35:39
#  File has been updated.
#  Successfully updated.

/usr/include/c++/10/bits/hash_bytes.h:
#  Implicit rule search has been done.
#  Last modified 2021-01-10 03:35:39
#  File has been updated.
#  Successfully updated.

/usr/include/c++/10/bits/istream.tcc:
#  Implicit rule search has been done.
#  Last modified 2021-01-10 03:35:39
#  File has been updated.
#  Successfully updated.

/usr/include/c++/10/initializer_list:
#  Implicit rule search has been done.
#  Last modified 2021-01-10 03:35:39
#  File has been updated.
#  Successfully updated.

 
/usr/include/x86_64-linux-gnu/bits/types/time_t.h:
#  Implicit rule search has been done.
#  Last modified 2021-10-02 05:47:40
#  File has been updated.
#  Successfully updated.

/usr/include/endian.h:
#  Implicit rule search has been done.
#  Last modified 2021-10-02 05:47:40
#  File has been updated.
#  Successfully updated.

/usr/include/x86_64-linux-gnu/bits/time.h:
#  Implicit rule search has been done.
#  Last modified 2021-10-02 05:47:40
#  File has been updated.
#  Successfully updated.

/usr/include/c++/10/stdexcept:
#  Implicit rule search has been done.
#  Last modified 2021-01-10 03:35:39
#  File has been updated.
#  Successfully updated.

/usr/include/x86_64-linux-gnu/c++/10/bits/basic_file.h:
#  Implicit rule search has been done.
#  Last modified 2021-01-10 03:35:39
#  File has been updated.
#  Successfully updated.

/usr/include/features.h:
#  Implicit rule search has been done.
#  Last modified 2021-10-02 05:47:40
#  File has been updated.
#  Successfully updated.

/usr/include/x86_64-linux-gnu/bits/thread-shared-types.h:
#  Implicit rule search has been done.
#  Last modified 2021-10-02 05:47:40
#  File has been updated.
#  Successfully updated.

/usr/include/x86_64-linux-gnu/bits/timex.h:
#  Implicit rule search has been done.
#  Last modified 2021-10-02 05:47:40
#  File has been updated.
#  Successfully updated.

/usr/include/c++/10/bits/basic_string.h:
#  Implicit rule search has been done.
#  Last modified 2021-01-10 03:35:39
#  File has been updated.
#  Successfully updated.

/usr/include/x86_64-linux-gnu/bits/types/__locale_t.h:
#  Implicit rule search has been done.
#  Last modified 2021-10-02 05:47:40
#  File has been updated.
#  Successfully updated.

/usr/include/x86_64-linux-gnu/bits/struct_mutex.h:
#  Implicit rule search has been done.
#  Last modified 2021-10-02 05:47:40
#  File has been updated.
#  Successfully updated.

/usr/include/c++/10/bits/cxxabi_forced.h:
#  Implicit rule search has been done.
#  Last modified 2021-01-10 03:35:39
#  File has been updated.
#  Successfully updated.

/usr/include/x86_64-linux-gnu/bits/stdio_lim.h:
#  Implicit rule search has been done.
#  Last modified 2021-10-02 05:47:40
#  File has been updated.
#  Successfully updated.

/usr/include/c++/10/bits/fstream.tcc:
#  Implicit rule search has been done.
#  Last modified 2021-01-10 03:35:39
#  File has been updated.
#  Successfully updated.

/usr/include/x86_64-linux-gnu/bits/endian.h:
#  Implicit rule search has been done.
#  Last modified 2021-10-02 05:47:40
#  File has been updated.
#  Successfully updated.

/usr/include/c++/10/bits/locale_facets.tcc:
#  Implicit rule search has been done.
#  Last modified 2021-01-10 03:35:39
#  File has been updated.
#  Successfully updated.

/usr/include/c++/10/fstream:
#  Implicit rule search has been done.
#  Last modified 2021-01-10 03:35:39
#  File has been updated.
#  Successfully updated.

/usr/include/x86_64-linux-gnu/bits/setjmp.h:
#  Implicit rule search has been done.
#  Last modified 2021-10-02 05:47:40
#  File has been updated.
#  Successfully updated.

/usr/include/x86_64-linux-gnu/bits/uintn-identity.h:
#  Implicit rule search has been done.
#  Last modified 2021-10-02 05:47:40
#  File has been updated.
#  Successfully updated.

/usr/include/c++/10/bits/stl_function.h:
#  Implicit rule search has been done.
#  Last modified 2021-01-10 03:35:39
#  File has been updated.
#  Successfully updated.

/usr/include/x86_64-linux-gnu/bits/timesize.h:
#  Implicit rule search has been done.
#  Last modified 2021-10-02 05:47:40
#  File has been updated.
#  Successfully updated.

/usr/include/wctype.h:
#  Implicit rule search has been done.
#  Last modified 2021-10-02 05:47:40
#  File has been updated.
#  Successfully updated.

/usr/include/c++/10/bits/stl_construct.h:
#  Implicit rule search has been done.
#  Last modified 2021-01-10 03:35:39
#  File has been updated.
#  Successfully updated.

/usr/include/c++/10/limits:
#  Implicit rule search has been done.
#  Last modified 2021-01-10 03:35:39
#  File has been updated.
#  Successfully updated.

/usr/include/linux/errno.h:
#  Implicit rule search has been done.
#  Last modified 2022-01-18 07:54:31
#  File has been updated.
#  Successfully updated.

/usr/include/c++/10/bits/ios_base.h:
#  Implicit rule search has been done.
#  Last modified 2021-01-10 03:35:39
#  File has been updated.
#  Successfully updated.

/usr/include/x86_64-linux-gnu/gnu/stubs-64.h:
#  Implicit rule search has been done.
#  Last modified 2021-10-02 05:47:40
#  File has been updated.
#  Successfully updated.

/usr/include/x86_64-linux-gnu/sys/types.h:
#  Implicit rule search has been done.
#  Last modified 2021-10-02 05:47:40
#  File has been updated.
#  Successfully updated.

/usr/include/c++/10/streambuf:
#  Implicit rule search has been done.
#  Last modified 2021-01-10 03:35:39
#  File has been updated.
#  Successfully updated.

/usr/include/c++/10/bits/stl_iterator.h:
#  Implicit rule search has been done.
#  Last modified 2021-01-10 03:35:39
#  File has been updated.
#  Successfully updated.

/usr/include/c++/10/bits/basic_ios.h:
#  Implicit rule search has been done.
#  Last modified 2021-01-10 03:35:39
#  File has been updated.
#  Successfully updated.

/usr/include/c++/10/bits/hashtable.h:
#  Implicit rule search has been done.
#  Last modified 2021-01-10 03:35:39
#  File has been updated.
#  Successfully updated.

/usr/include/c++/10/ext/atomicity.h:
#  Implicit rule search has been done.
#  Last modified 2021-01-10 03:35:39
#  File has been updated.
#  Successfully updated.

/usr/include/stdint.h:
#  Implicit rule search has been done.
#  Last modified 2021-10-02 05:47:40
#  File has been updated.
#  Successfully updated.

/usr/include/sched.h:
#  Implicit rule search has been done.
#  Last modified 2021-10-02 05:47:40
#  File has been updated.
#  Successfully updated.

/usr/include/c++/10/clocale:
#  Implicit rule search has been done.
#  Last modified 2021-01-10 03:35:39
#  File has been updated.
#  Successfully updated.

/usr/include/c++/10/bits/stl_iterator_base_funcs.h:
#  Implicit rule search has been done.
#  Last modified 2021-01-10 03:35:39
#  File has been updated.
#  Successfully updated.

/usr/include/x86_64-linux-gnu/bits/locale.h:
#  Implicit rule search has been done.
#  Last modified 2021-10-02 05:47:40
#  File has been updated.
#  Successfully updated.

/usr/include/alloca.h:
#  Implicit rule search has been done.
#  Last modified 2021-10-02 05:47:40
#  File has been updated.
#  Successfully updated.

/usr/include/c++/10/bits/vector.tcc:
#  Implicit rule search has been done.
#  Last modified 2021-01-10 03:35:39
#  File has been updated.
#  Successfully updated.

# Not a target:
.DEFAULT:
#  Implicit rule search has not been done.
#  Modification time never checked.
#  File has not been updated.

/usr/include/c++/10/bits/stl_multimap.h:
#  Implicit rule search has been done.
#  Last modified 2021-01-10 03:35:39
#  File has been updated.
#  Successfully updated.

/usr/include/c++/10/vector:
#  Implicit rule search has been done.
#  Last modified 2021-01-10 03:35:39
#  File has been updated.
#  Successfully updated.

/usr/include/x86_64-linux-gnu/bits/types/struct_timeval.h:
#  Implicit rule search has been done.
#  Last modified 2021-10-02 05:47:40
#  File has been updated.
#  Successfully updated.

all: wordle.o
#  Command line target.
#  Implicit rule search has not been done.
#  Implicit/static pattern stem: ''
#  File does not exist.
#  File has been updated.
#  Needs to be updated (-q is set).
# automatic
# @ := all
# automatic
# * := 
# automatic
# < := wordle.o
# automatic
# + := wordle.o
# automatic
# % := 
# automatic
# ^ := wordle.o
# automatic
# ? := wordle.o
 
# automatic
# | := 
# variable set hash-table stats:
# Load=8/32=25%, Rehash=0, Collisions=4/16=25%
#  recipe to execute (from 'Makefile', line 10):
	$(CXX) $(CXXFLAGS) $(LDFLAGS) $^ -o wordle $(LIBS)

/usr/include/c++/10/string:
#  Implicit rule search has been done.
#  Last modified 2021-01-10 03:35:39
#  File has been updated.
#  Successfully updated.

run: all
#  Implicit rule search has not been done.
#  Modification time never checked.
#  File has not been updated.
#  recipe to execute (from 'Makefile', line 15):
	time ./wordle solution_words.txt

/usr/include/c++/10/istream:
#  Implicit rule search has been done.
#  Last modified 2021-01-10 03:35:39
#  File has been updated.
#  Successfully updated.

/usr/include/c++/10/bits/unordered_map.h:
#  Implicit rule search has been done.
#  Last modified 2021-01-10 03:35:39
#  File has been updated.
#  Successfully updated.

/usr/include/c++/10/bits/range_cmp.h:
#  Implicit rule search has been done.
#  Last modified 2021-01-10 03:35:39
#  File has been updated.
#  Successfully updated.

/usr/include/x86_64-linux-gnu/bits/stdint-uintn.h:
#  Implicit rule search has been done.
#  Last modified 2021-10-02 05:47:40
#  File has been updated.
#  Successfully updated.

/usr/include/x86_64-linux-gnu/bits/select.h:
#  Implicit rule search has been done.
#  Last modified 2021-10-02 05:47:40
#  File has been updated.
#  Successfully updated.

/usr/include/c++/10/bits/ptr_traits.h:
#  Implicit rule search has been done.
#  Last modified 2021-01-10 03:35:39
#  File has been updated.
#  Successfully updated.

/usr/include/c++/10/bits/stl_bvector.h:
#  Implicit rule search has been done.
#  Last modified 2021-01-10 03:35:39
#  File has been updated.
#  Successfully updated.

/usr/include/stdc-predef.h:
#  Implicit rule search has been done.
#  Last modified 2021-10-02 05:47:40
#  File has been updated.
#  Successfully updated.

/usr/include/c++/10/bits/exception.h:
#  Implicit rule search has been done.
#  Last modified 2021-01-10 03:35:39
#  File has been updated.
#  Successfully updated.

/usr/include/x86_64-linux-gnu/bits/types/clock_t.h:
#  Implicit rule search has been done.
#  Last modified 2021-10-02 05:47:40
#  File has been updated.
#  Successfully updated.

/usr/include/c++/10/bits/charconv.h:
#  Implicit rule search has been done.
#  Last modified 2021-01-10 03:35:39
#  File has been updated.
#  Successfully updated.

/usr/include/c++/10/cwctype:
#  Implicit rule search has been done.
#  Last modified 2021-01-10 03:35:39
#  File has been updated.
#  Successfully updated.

/usr/include/c++/10/bits/allocator.h:
#  Implicit rule search has been done.
#  Last modified 2021-01-10 03:35:39
#  File has been updated.
#  Successfully updated.

/usr/include/c++/10/bits/exception_defines.h:
#  Implicit rule search has been done.
#  Last modified 2021-01-10 03:35:39
#  File has been updated.
#  Successfully updated.

/usr/include/c++/10/string_view:
#  Implicit rule search has been done.
#  Last modified 2021-01-10 03:35:39
#  File has been updated.
#  Successfully updated.

/usr/include/c++/10/bits/localefwd.h:
#  Implicit rule search has been done.
#  Last modified 2021-01-10 03:35:39
#  File has been updated.
#  Successfully updated.

/usr/include/c++/10/bits/basic_string.tcc:
#  Implicit rule search has been done.
#  Last modified 2021-01-10 03:35:39
#  File has been updated.
#  Successfully updated.

/usr/include/c++/10/utility:
#  Implicit rule search has been done.
#  Last modified 2021-01-10 03:35:39
#  File has been updated.
#  Successfully updated.

/usr/include/asm-generic/errno.h:
#  Implicit rule search has been done.
#  Last modified 2022-01-18 07:54:31
#  File has been updated.
#  Successfully updated.

/usr/include/c++/10/bits/node_handle.h:
#  Implicit rule search has been done.
#  Last modified 2021-01-10 03:35:39
#  File has been updated.
#  Successfully updated.

/usr/include/x86_64-linux-gnu/bits/types/error_t.h:
#  Implicit rule search has been done.
#  Last modified 2021-10-02 05:47:40
#  File has been updated.
#  Successfully updated.

/usr/include/x86_64-linux-gnu/bits/types/cookie_io_functions_t.h:
#  Implicit rule search has been done.
#  Last modified 2021-10-02 05:47:40
#  File has been updated.
#  Successfully updated.

/usr/lib/gcc/x86_64-linux-gnu/10/include/stdarg.h:
#  Implicit rule search has been done.
#  Last modified 2021-01-10 03:35:39
#  File has been updated.
#  Successfully updated.

/usr/include/c++/10/bits/stl_map.h:
#  Implicit rule search has been done.
#  Last modified 2021-01-10 03:35:39
#  File has been updated.
#  Successfully updated.

dictionary.hpp:
#  Implicit rule search has been done.
#  Last modified 2022-01-21 18:25:01.809370475
#  File has been updated.
#  Successfully updated.

/usr/include/x86_64-linux-gnu/bits/types/wint_t.h:
#  Implicit rule search has been done.
#  Last modified 2021-10-02 05:47:40
#  File has been updated.
#  Successfully updated.

/usr/include/c++/10/bits/char_traits.h:
#  Implicit rule search has been done.
#  Last modified 2021-01-10 03:35:39
#  File has been updated.
#  Successfully updated.

 
/usr/include/c++/10/ext/numeric_traits.h:
#  Implicit rule search has been done.
#  Last modified 2021-01-10 03:35:39
#  File has been updated.
#  Successfully updated.

/usr/include/x86_64-linux-gnu/bits/sched.h:
#  Implicit rule search has been done.
#  Last modified 2021-10-02 05:47:40
#  File has been updated.
#  Successfully updated.

/usr/include/c++/10/bits/std_function.h:
#  Implicit rule search has been done.
#  Last modified 2021-01-10 03:35:39
#  File has been updated.
#  Successfully updated.

/usr/include/x86_64-linux-gnu/bits/types/__FILE.h:
#  Implicit rule search has been done.
#  Last modified 2021-10-02 05:47:40
#  File has been updated.
#  Successfully updated.

/usr/include/c++/10/cctype:
#  Implicit rule search has been done.
#  Last modified 2021-01-10 03:35:39
#  File has been updated.
#  Successfully updated.

/usr/include/c++/10/bits/uniform_int_dist.h:
#  Implicit rule search has been done.
#  Last modified 2021-01-10 03:35:39
#  File has been updated.
#  Successfully updated.

/usr/include/c++/10/type_traits:
#  Implicit rule search has been done.
#  Last modified 2021-01-10 03:35:39
#  File has been updated.
#  Successfully updated.

/usr/include/stdio.h:
#  Implicit rule search has been done.
#  Last modified 2021-10-02 05:47:40
#  File has been updated.
#  Successfully updated.

/usr/include/c++/10/bits/invoke.h:
#  Implicit rule search has been done.
#  Last modified 2021-01-10 03:35:39
#  File has been updated.
#  Successfully updated.

wordle.o: wordle.cpp /usr/include/stdc-predef.h dictionary.hpp constants.hpp guess.hpp /usr/include/c++/10/functional /usr/include/x86_64-linux-gnu/c++/10/bits/c++config.h /usr/include/x86_64-linux-gnu/c++/10/bits/os_defines.h /usr/include/features.h /usr/include/x86_64-linux-gnu/sys/cdefs.h /usr/include/x86_64-linux-gnu/bits/wordsize.h /usr/include/x86_64-linux-gnu/bits/long-double.h /usr/include/x86_64-linux-gnu/gnu/stubs.h /usr/include/x86_64-linux-gnu/gnu/stubs-64.h /usr/include/x86_64-linux-gnu/c++/10/bits/cpu_defines.h /usr/include/c++/10/pstl/pstl_config.h /usr/include/c++/10/bits/stl_function.h /usr/include/c++/10/bits/move.h /usr/include/c++/10/type_traits /usr/include/c++/10/backward/binders.h /usr/include/c++/10/new /usr/include/c++/10/exception /usr/include/c++/10/bits/exception.h /usr/include/c++/10/bits/exception_ptr.h /usr/include/c++/10/bits/exception_defines.h /usr/include/c++/10/bits/cxxabi_init_exception.h /usr/lib/gcc/x86_64-linux-gnu/10/include/stddef.h /usr/include/c++/10/typeinfo /usr/include/c++/10/bits/hash_bytes.h /usr/include/c++/10/bits/nested_exception.h /usr/include/c++/10/tuple /usr/include/c++/10/utility /usr/include/c++/10/bits/stl_relops.h /usr/include/c++/10/bits/stl_pair.h /usr/include/c++/10/initializer_list /usr/include/c++/10/array /usr/include/c++/10/bits/functexcept.h /usr/include/c++/10/bits/stl_algobase.h /usr/include/c++/10/bits/cpp_type_traits.h /usr/include/c++/10/ext/type_traits.h /usr/include/c++/10/ext/numeric_traits.h /usr/include/c++/10/bits/stl_iterator_base_types.h /usr/include/c++/10/bits/stl_iterator_base_funcs.h /usr/include/c++/10/bits/concept_check.h /usr/include/c++/10/debug/assertions.h /usr/include/c++/10/bits/stl_iterator.h /usr/include/c++/10/bits/ptr_traits.h /usr/include/c++/10/debug/debug.h /usr/include/c++/10/bits/predefined_ops.h /usr/include/c++/10/bits/range_access.h /usr/include/c++/10/bits/iterator_concepts.h /usr/include/c++/10/concepts /usr/include/c++/10/bits/range_cmp.h /usr/include/c++/10/bits/uses_allocator.h /usr/include/c++/10/bits/invoke.h /usr/include/c++/10/bits/functional_hash.h /usr/include/c++/10/bits/refwrap.h /usr/include/c++/10/bits/std_function.h /usr/include/c++/10/unordered_map /usr/include/c++/10/bits/allocator.h /usr/include/x86_64-linux-gnu/c++/10/bits/c++allocator.h /usr/include/c++/10/ext/new_allocator.h /usr/include/c++/10/bits/memoryfwd.h /usr/include/c++/10/ext/alloc_traits.h /usr/include/c++/10/bits/alloc_traits.h /usr/include/c++/10/bits/stl_construct.h /usr/include/c++/10/ext/aligned_buffer.h /usr/include/c++/10/bits/hashtable.h /usr/include/c++/10/bits/hashtable_policy.h /usr/include/c++/10/limits /usr/include/c++/10/bits/node_handle.h /usr/include/c++/10/optional /usr/include/c++/10/bits/enable_special_members.h /usr/include/c++/10/bits/unordered_map.h /usr/include/c++/10/bits/erase_if.h /usr/include/c++/10/vector /usr/include/c++/10/bits/stl_uninitialized.h /usr/include/c++/10/bits/stl_vector.h /usr/include/c++/10/bits/stl_bvector.h /usr/include/c++/10/bits/vector.tcc /usr/include/c++/10/bits/stl_algo.h /usr/include/c++/10/cstdlib /usr/include/stdlib.h /usr/include/x86_64-linux-gnu/bits/libc-header-start.h /usr/include/x86_64-linux-gnu/bits/waitflags.h /usr/include/x86_64-linux-gnu/bits/waitstatus.h /usr/include/x86_64-linux-gnu/bits/floatn.h /usr/include/x86_64-linux-gnu/bits/floatn-common.h /usr/include/x86_64-linux-gnu/bits/types/locale_t.h /usr/include/x86_64-linux-gnu/bits/types/__locale_t.h /usr/include/x86_64-linux-gnu/sys/types.h /usr/include/x86_64-linux-gnu/bits/types.h /usr/include/x86_64-linux-gnu/bits/timesize.h /usr/include/x86_64-linux-gnu/bits/typesizes.h /usr/include/x86_64-linux-gnu/bits/time64.h /usr/include/x86_64-linux-gnu/bits/types/clock_t.h /usr/include/x86_64-linux-gnu/bits/types/clockid_t.h /usr/include/x86_64-linux-gnu/bits/types/time_t.h /usr/include/x86_64-linux-gnu/bits/types/timer_t.h /usr/include/x86_64-linux-gnu/bits/stdint-intn.h /usr/include/endian.h /usr/include/x86_64-linux-gnu/bits/endian.h /usr/include/x86_64-linux-gnu/bits/endianness.h /usr/include/x86_64-linux-gnu/bits/byteswap.h /usr/include/x86_64-linux-gnu/bits/uintn-identity.h /usr/include/x86_64-linux-gnu/sys/select.h /usr/include/x86_64-linux-gnu/bits/select.h /usr/include/x86_64-linux-gnu/bits/types/sigset_t.h /usr/include/x86_64-linux-gnu/bits/types/__sigset_t.h /usr/include/x86_64-linux-gnu/bits/types/struct_timeval.h /usr/include/x86_64-linux-gnu/bits/types/struct_timespec.h /usr/include/x86_64-linux-gnu/bits/pthreadtypes.h /usr/include/x86_64-linux-gnu/bits/thread-shared-types.h /usr/include/x86_64-linux-gnu/bits/pthreadtypes-arch.h /usr/include/x86_64-linux-gnu/bits/struct_mutex.h /usr/include/x86_64-linux-gnu/bits/struct_rwlock.h /usr/include/alloca.h /usr/include/x86_64-linux-gnu/bits/stdlib-bsearch.h /usr/include/x86_64-linux-gnu/bits/stdlib-float.h /usr/include/c++/10/bits/std_abs.h /usr/include/c++/10/bits/algorithmfwd.h /usr/include/c++/10/bits/stl_heap.h /usr/include/c++/10/bits/stl_tempbuf.h /usr/include/c++/10/bits/uniform_int_dist.h /usr/include/c++/10/iostream /usr/include/c++/10/ostream /usr/include/c++/10/ios /usr/include/c++/10/iosfwd /usr/include/c++/10/bits/stringfwd.h /usr/include/c++/10/bits/postypes.h /usr/include/c++/10/cwchar /usr/include/wchar.h /usr/lib/gcc/x86_64-linux-gnu/10/include/stdarg.h /usr/include/x86_64-linux-gnu/bits/wchar.h /usr/include/x86_64-linux-gnu/bits/types/wint_t.h /usr/include/x86_64-linux-gnu/bits/types/mbstate_t.h /usr/include/x86_64-linux-gnu/bits/types/__mbstate_t.h /usr/include/x86_64-linux-gnu/bits/types/__FILE.h /usr/include/x86_64-linux-gnu/bits/types/FILE.h /usr/include/c++/10/bits/char_traits.h /usr/include/c++/10/cstdint /usr/lib/gcc/x86_64-linux-gnu/10/include/stdint.h /usr/include/stdint.h /usr/include/x86_64-linux-gnu/bits/stdint-uintn.h /usr/include/c++/10/bits/localefwd.h /usr/include/x86_64-linux-gnu/c++/10/bits/c++locale.h /usr/include/c++/10/clocale /usr/include/locale.h /usr/include/x86_64-linux-gnu/bits/locale.h /usr/include/c++/10/cctype /usr/include/ctype.h /usr/include/c++/10/bits/ios_base.h /usr/include/c++/10/ext/atomicity.h /usr/include/x86_64-linux-gnu/c++/10/bits/gthr.h /usr/include/x86_64-linux-gnu/c++/10/bits/gthr-default.h /usr/include/pthread.h /usr/include/sched.h /usr/include/x86_64-linux-gnu/bits/sched.h /usr/include/x86_64-linux-gnu/bits/types/struct_sched_param.h /usr/include/x86_64-linux-gnu/bits/cpu-set.h /usr/include/time.h /usr/include/x86_64-linux-gnu/bits/time.h /usr/include/x86_64-linux-gnu/bits/timex.h /usr/include/x86_64-linux-gnu/bits/types/struct_tm.h /usr/include/x86_64-linux-gnu/bits/types/struct_itimerspec.h /usr/include/x86_64-linux-gnu/bits/setjmp.h /usr/include/x86_64-linux-gnu/c++/10/bits/atomic_word.h /usr/include/c++/10/bits/locale_classes.h /usr/include/c++/10/string /usr/include/c++/10/bits/ostream_insert.h /usr/include/c++/10/bits/cxxabi_forced.h /usr/include/c++/10/bits/basic_string.h /usr/include/c++/10/string_view /usr/include/c++/10/bits/string_view.tcc /usr/include/c++/10/ext/string_conversions.h /usr/include/c++/10/cstdio /usr/include/stdio.h /usr/include/x86_64-linux-gnu/bits/types/__fpos_t.h /usr/include/x86_64-linux-gnu/bits/types/__fpos64_t.h /usr/include/x86_64-linux-gnu/bits/types/struct_FILE.h /usr/include/x86_64-linux-gnu/bits/types/cookie_io_functions_t.h /usr/include/x86_64-linux-gnu/bits/stdio_lim.h /usr/include/x86_64-linux-gnu/bits/sys_errlist.h /usr/include/x86_64-linux-gnu/bits/stdio.h /usr/include/c++/10/cerrno /usr/include/errno.h /usr/include/x86_64-linux-gnu/bits/errno.h /usr/include/linux/errno.h /usr/include/x86_64-linux-gnu/asm/errno.h /usr/include/asm-generic/errno.h /usr/include/asm-generic/errno-base.h /usr/include/x86_64-linux-gnu/bits/types/error_t.h /usr/include/c++/10/bits/charconv.h /usr/include/c++/10/bits/basic_string.tcc /usr/include/c++/10/bits/locale_classes.tcc /usr/include/c++/10/system_error /usr/include/x86_64-linux-gnu/c++/10/bits/error_constants.h /usr/include/c++/10/stdexcept /usr/include/c++/10/streambuf /usr/include/c++/10/bits/streambuf.tcc /usr/include/c++/10/bits/basic_ios.h /usr/include/c++/10/bits/locale_facets.h /usr/include/c++/10/cwctype /usr/include/wctype.h /usr/include/x86_64-linux-gnu/bits/wctype-wchar.h /usr/include/x86_64-linux-gnu/c++/10/bits/ctype_base.h /usr/include/c++/10/bits/streambuf_iterator.h /usr/include/x86_64-linux-gnu/c++/10/bits/ctype_inline.h /usr/include/c++/10/bits/locale_facets.tcc /usr/include/c++/10/bits/basic_ios.tcc /usr/include/c++/10/bits/ostream.tcc /usr/include/c++/10/istream /usr/include/c++/10/bits/istream.tcc /usr/include/c++/10/map /usr/include/c++/10/bits/stl_tree.h /usr/include/c++/10/bits/stl_map.h /usr/include/c++/10/bits/stl_multimap.h /usr/include/c++/10/bitset /usr/include/assert.h /usr/include/c++/10/fstream /usr/include/c++/10/bits/codecvt.h /usr/include/x86_64-linux-gnu/c++/10/bits/basic_file.h /usr/include/x86_64-linux-gnu/c++/10/bits/c++io.h /usr/include/c++/10/bits/fstream.tcc /usr/include/c++/10/unordered_set /usr/include/c++/10/bits/unordered_set.h wordle.cpp
#  Implicit rule search has been done.
#  Implicit/static pattern stem: 'wordle'
#  Last modified 2022-01-22 09:31:43.462377423
#  File has been updated.
#  Successfully updated.

/usr/include/time.h:
#  Implicit rule search has been done.
#  Last modified 2021-10-02 05:47:40
#  File has been updated.
#  Successfully updated.

/usr/include/x86_64-linux-gnu/bits/waitflags.h:
#  Implicit rule search has been done.
#  Last modified 2021-10-02 05:47:40
#  File has been updated.
#  Successfully updated.

/usr/include/ctype.h:
#  Implicit rule search has been done.
#  Last modified 2021-10-02 05:47:40
#  File has been updated.
#  Successfully updated.

/usr/include/c++/10/bits/functexcept.h:
#  Implicit rule search has been done.
#  Last modified 2021-01-10 03:35:39
#  File has been updated.
#  Successfully updated.

/usr/include/x86_64-linux-gnu/bits/struct_rwlock.h:
#  Implicit rule search has been done.
#  Last modified 2021-10-02 05:47:40
#  File has been updated.
#  Successfully updated.

/usr/include/x86_64-linux-gnu/bits/wctype-wchar.h:
#  Implicit rule search has been done.
#  Last modified 2021-10-02 05:47:40
#  File has been updated.
#  Successfully updated.

/usr/include/x86_64-linux-gnu/bits/floatn-common.h:
#  Implicit rule search has been done.
#  Last modified 2021-10-02 05:47:40
#  File has been updated.
#  Successfully updated.

/usr/include/x86_64-linux-gnu/bits/types/__sigset_t.h:
#  Implicit rule search has been done.
#  Last modified 2021-10-02 05:47:40
#  File has been updated.
#  Successfully updated.
 

/usr/include/c++/10/bits/refwrap.h:
#  Implicit rule search has been done.
#  Last modified 2021-01-10 03:35:39
#  File has been updated.
#  Successfully updated.

/usr/include/assert.h:
#  Implicit rule search has been done.
#  Last modified 2021-10-02 05:47:40
#  File has been updated.
#  Successfully updated.

/usr/include/x86_64-linux-gnu/bits/sys_errlist.h:
#  Implicit rule search has been done.
 
#  Last modified 2021-10-02 05:47:40
#  File has been updated.
#  Successfully updated.

/usr/include/c++/10/bits/cpp_type_traits.h:
#  Implicit rule search has been done.
#  Last modified 2021-01-10 03:35:39
#  File has been updated.
#  Successfully updated.

/usr/include/c++/10/bits/streambuf.tcc:
#  Implicit rule search has been done.
#  Last modified 2021-01-10 03:35:39
#  File has been updated.
#  Successfully updated.

/usr/include/x86_64-linux-gnu/bits/pthreadtypes-arch.h:
#  Implicit rule search has been done.
#  Last modified 2021-10-02 05:47:40
#  File has been updated.
#  Successfully updated.

/usr/include/locale.h:
#  Implicit rule search has been done.
#  Last modified 2021-10-02 05:47:40
#  File has been updated.
#  Successfully updated.

guess.hpp:
#  Implicit rule search has been done.
#  Last modified 2022-01-21 18:25:01.809370475
#  File has been updated.
#  Successfully updated.

/usr/include/c++/10/bits/hashtable_policy.h:
#  Implicit rule search has been done.
#  Last modified 2021-01-10 03:35:39
#  File has been updated.
#  Successfully updated.

/usr/include/x86_64-linux-gnu/bits/byteswap.h:
#  Implicit rule search has been done.
#  Last modified 2021-10-02 05:47:40
#  File has been updated.
#  Successfully updated.

/usr/include/x86_64-linux-gnu/bits/stdlib-float.h:
#  Implicit rule search has been done.
#  Last modified 2021-10-02 05:47:40
#  File has been updated.
#  Successfully updated.

/usr/include/c++/10/ext/type_traits.h:
#  Implicit rule search has been done.
#  Last modified 2021-01-10 03:35:39
#  File has been updated.
#  Successfully updated.

/usr/include/c++/10/concepts:
#  Implicit rule search has been done.
#  Last modified 2021-01-10 03:35:39
#  File has been updated.
#  Successfully updated.

/usr/include/c++/10/unordered_set:
#  Implicit rule search has been done.
#  Last modified 2021-01-10 03:35:39
#  File has been updated.
#  Successfully updated.

/usr/include/c++/10/bits/stl_tree.h:
#  Implicit rule search has been done.
#  Last modified 2021-01-10 03:35:39
#  File has been updated.
#  Successfully updated.

/usr/include/c++/10/bits/erase_if.h:
#  Implicit rule search has been done.
#  Last modified 2021-01-10 03:35:39
#  File has been updated.
#  Successfully updated.

/usr/include/c++/10/iostream:
#  Implicit rule search has been done.
#  Last modified 2021-01-10 03:35:39
#  File has been updated.
#  Successfully updated.

/usr/include/c++/10/bits/algorithmfwd.h:
#  Implicit rule search has been done.
#  Last modified 2021-01-10 03:35:39
#  File has been updated.
#  Successfully updated.

/usr/include/c++/10/bits/codecvt.h:
#  Implicit rule search has been done.
#  Last modified 2021-01-10 03:35:39
#  File has been updated.
#  Successfully updated.

/usr/include/c++/10/map:
#  Implicit rule search has been done.
#  Last modified 2021-01-10 03:35:39
#  File has been updated.
#  Successfully updated.

/usr/include/c++/10/debug/assertions.h:
#  Implicit rule search has been done.
#  Last modified 2021-01-10 03:35:39
#  File has been updated.
#  Successfully updated.

/usr/include/c++/10/pstl/pstl_config.h:
#  Implicit rule search has been done.
#  Last modified 2021-01-10 03:35:39
#  File has been updated.
#  Successfully updated.

/usr/include/x86_64-linux-gnu/sys/select.h:
#  Implicit rule search has been done.
#  Last modified 2021-10-02 05:47:40
#  File has been updated.
#  Successfully updated.

/usr/include/c++/10/bits/string_view.tcc:
#  Implicit rule search has been done.
#  Last modified 2021-01-10 03:35:39
#  File has been updated.
#  Successfully updated.

# Not a target:
.SUFFIXES:
#  Implicit rule search has not been done.
#  Modification time never checked.
#  File has not been updated.

/usr/include/stdlib.h:
#  Implicit rule search has been done.
#  Last modified 2021-10-02 05:47:40
#  File has been updated.
#  Successfully updated.

/usr/include/c++/10/ext/new_allocator.h:
#  Implicit rule search has been done.
#  Last modified 2021-01-10 03:35:39
#  File has been updated.
#  Successfully updated.

/usr/include/c++/10/bits/exception_ptr.h:
#  Implicit rule search has been done.
#  Last modified 2021-01-10 03:35:39
#  File has been updated.
#  Successfully updated.

/usr/include/x86_64-linux-gnu/bits/types/__mbstate_t.h:
#  Implicit rule search has been done.
#  Last modified 2021-10-02 05:47:40
#  File has been updated.
#  Successfully updated.

/usr/include/x86_64-linux-gnu/bits/types/struct_sched_param.h:
#  Implicit rule search has been done.
 
#  Last modified 2021-10-02 05:47:40
#  File has been updated.
#  Successfully updated.

/usr/include/c++/10/unordered_map:
#  Implicit rule search has been done.
#  Last modified 2021-01-10 03:35:39
#  File has been updated.
#  Successfully updated.

/usr/include/c++/10/bits/stl_vector.h:
#  Implicit rule search has been done.
#  Last modified 2021-01-10 03:35:39
#  File has been updated.
#  Successfully updated.

/usr/include/x86_64-linux-gnu/bits/stdint-intn.h:
#  Implicit rule search has been done.
#  Last modified 2021-10-02 05:47:40
#  File has been updated.
#  Successfully updated.

/usr/include/c++/10/functional:
#  Implicit rule search has been done.
#  Last modified 2021-01-10 03:35:39
#  File has been updated.
#  Successfully updated.

/usr/include/c++/10/bits/stringfwd.h:
#  Implicit rule search has been done.
#  Last modified 2021-01-10 03:35:39
#  File has been updated.
#  Successfully updated.

/usr/include/c++/10/bits/uses_allocator.h:
#  Implicit rule search has been done.
#  Last modified 2021-01-10 03:35:39
#  File has been updated.
#  Successfully updated.

/usr/include/x86_64-linux-gnu/bits/types/struct_tm.h:
#  Implicit rule search has been done.
#  Last modified 2021-10-02 05:47:40
#  File has been updated.
#  Successfully updated.

/usr/include/x86_64-linux-gnu/bits/stdio.h:
#  Implicit rule search has been done.
#  Last modified 2021-10-02 05:47:40
#  File has been updated.
#  Successfully updated.

/usr/include/c++/10/debug/debug.h:
#  Implicit rule search has been done.
#  Last modified 2021-01-10 03:35:39
#  File has been updated.
#  Successfully updated.

/usr/include/c++/10/bits/iterator_concepts.h:
#  Implicit rule search has been done.
#  Last modified 2021-01-10 03:35:39
#  File has been updated.
#  Successfully updated.

/usr/include/c++/10/bits/stl_algobase.h:
#  Implicit rule search has been done.
#  Last modified 2021-01-10 03:35:39
#  File has been updated.
#  Successfully updated.

/usr/include/c++/10/cstdio:
#  Implicit rule search has been done.
#  Last modified 2021-01-10 03:35:39
#  File has been updated.
#  Successfully updated.

# files hash-table stats:
# Load=234/1024=23%, Rehash=0, Collisions=91/703=13%
# VPATH Search Paths

# No 'vpath' search paths.

# No general ('VPATH' variable) search path.

# strcache buffers: 2 (1) / strings = 246 / storage = 9190 B / avg = 37 B
# current buf: size = 8162 B / used = 1043 B / count = 31 / avg = 33 B
# other used: total = 8147 B / count = 215 / avg = 37 B
# other free: total = 15 B / max = 15 B / min = 15 B / avg = 15 B

# strcache performance: lookups = 719 / hit rate = 65%
# hash-table stats:
# Load=246/8192=3%, Rehash=0, Collisions=15/719=2%
# Finished Make data base on Sat Jan 22 09:39:20 2022

 
